{"C:\\Users\\bogda\\Desktop\\modul323-counter\\src\\update.js": {"path":"C:\\Users\\bogda\\Desktop\\modul323-counter\\src\\update.js","statementMap":{"0":{"start":{"line":1,"column":13},"end":{"line":4,"column":3}},"1":{"start":{"line":7,"column":4},"end":{"line":14,"column":5}},"2":{"start":{"line":9,"column":8},"end":{"line":9,"column":25}},"3":{"start":{"line":11,"column":8},"end":{"line":11,"column":25}},"4":{"start":{"line":13,"column":8},"end":{"line":13,"column":21}},"5":{"start":{"line":17,"column":2},"end":{"line":20,"column":4}}},"fnMap":{"0":{"name":"update","decl":{"start":{"line":6,"column":11},"end":{"line":6,"column":17}},"loc":{"start":{"line":6,"column":30},"end":{"line":15,"column":3}},"line":6}},"branchMap":{"0":{"loc":{"start":{"line":7,"column":4},"end":{"line":14,"column":5}},"type":"switch","locations":[{"start":{"line":8,"column":6},"end":{"line":9,"column":25}},{"start":{"line":10,"column":6},"end":{"line":11,"column":25}},{"start":{"line":12,"column":6},"end":{"line":13,"column":21}}],"line":7}},"s":{"0":1,"1":3,"2":1,"3":1,"4":1,"5":1},"f":{"0":3},"b":{"0":[1,1,1]},"_coverageSchema":"1a1c01bbd47fc00a2c39e90264f33305004495a9","hash":"39d5b35a64487eb118b1d3b3e12d4690d65f2fef"}
}
